[2025-10-22T08:41:31.892Z] Incoming request: POST /api/reminders/bookmark-notifications
[2025-10-22T09:01:02.205Z] Incoming request: POST /api/reminders/bookmark-notifications
[2025-10-22T09:04:49.562Z] Incoming request: POST /api/reminders/bookmark-notifications
[2025-10-22T09:06:32.886Z] Incoming request: POST /api/events/replace
[2025-10-22T09:11:30.409Z] Incoming request: POST /api/reminders/bookmark-notifications
[2025-10-22T09:13:54.892Z] Incoming request: POST /api/users/login
[2025-10-22T09:13:57.817Z] Incoming request: GET /api/users/myevents
[2025-10-22T09:13:57.892Z] Incoming request: GET /api/users/myevents
[2025-10-22T09:14:02.654Z] Incoming request: GET /api/users/me
[2025-10-22T09:14:02.727Z] Incoming request: GET /api/users/me
[2025-10-22T09:14:04.546Z] Incoming request: GET /api/users/notifications
[2025-10-22T09:14:04.607Z] Incoming request: GET /api/users/notifications
[2025-10-22T09:23:58.510Z] Incoming request: POST /api/reminders/bookmark-notifications
[2025-10-22T09:26:03.228Z] Incoming request: POST /api/reminders/send-test
[2025-10-22T09:26:41.426Z] Incoming request: POST /api/reminders/bookmark-notifications
[2025-10-22T09:34:28.749Z] Incoming request: POST /api/events/replace
[2025-10-22T09:34:28.980Z] Incoming request: POST /api/users/myevents/replace
[2025-10-22T09:34:38.916Z] Incoming request: POST /api/reminders/bookmark-notifications
[2025-10-22T09:58:01.972Z] Incoming request: GET /main.f3d0cdc94dfaa614655a.hot-update.json
[2025-10-22T09:58:26.278Z] Incoming request: GET /api/users/me
[2025-10-22T09:58:26.367Z] Incoming request: GET /api/users/me
[2025-10-22T09:59:29.930Z] Incoming request: GET /api/reminders/bookmark-notifications
[2025-10-23T08:33:05.558Z] Incoming request: GET /api/reminders/bookmark-notifications
[2025-10-23T08:34:59.239Z] Incoming request: GET /api/reminders/bookmark-notifications
[2025-10-23T08:36:17.470Z] Incoming request: POST /api/users/register
[2025-10-23T08:36:37.230Z] Incoming request: POST /api/users/login
[2025-10-23T08:36:49.978Z] Incoming request: GET /api/users/myevents
[2025-10-23T08:36:50.019Z] Incoming request: GET /api/users/myevents
[2025-10-23T08:37:27.715Z] Incoming request: POST /api/users/myevents
[2025-10-23T08:37:27.883Z] Incoming request: POST /api/users/notifications
[2025-10-23T08:38:24.095Z] Incoming request: GET /api/users/myevents
[2025-10-23T08:38:24.131Z] Incoming request: GET /api/users/myevents
[2025-10-23T08:38:45.940Z] Incoming request: GET /api/users/myevents
[2025-10-23T08:38:45.972Z] Incoming request: GET /api/users/myevents
[2025-10-23T08:48:04.951Z] Incoming request: GET /
[2025-10-23T09:08:09.702Z] Incoming request: GET /api/events
[2025-10-23T09:08:09.856Z] Incoming request: GET /favicon.ico
[2025-10-23T09:17:25.877Z] Incoming request: GET /api/users/notifications
[2025-10-23T09:17:26.137Z] Incoming request: GET /api/users/notifications
[2025-10-23T09:17:26.195Z] Incoming request: GET /api/users/me
[2025-10-23T09:17:26.509Z] Incoming request: GET /api/users/me
[2025-10-23T09:17:27.273Z] Incoming request: GET /api/users/notifications
[2025-10-23T09:17:27.585Z] Incoming request: GET /api/users/notifications
[2025-10-23T09:18:05.434Z] Incoming request: GET /api/users/me
[2025-10-23T09:18:05.745Z] Incoming request: GET /api/users/me
[2025-10-24T03:03:03.559Z] Incoming request: GET /api/users/myevents
[2025-10-24T03:03:03.608Z] Incoming request: GET /api/users/myevents
[2025-10-24T03:06:53.103Z] Incoming request: GET /api/users/myevents
[2025-10-24T03:06:53.139Z] Incoming request: GET /api/users/myevents
[2025-10-24T03:06:54.976Z] Incoming request: GET /api/users/me
[2025-10-24T03:06:55.290Z] Incoming request: GET /api/users/me
[2025-10-24T03:06:59.614Z] Incoming request: GET /api/users/notifications
[2025-10-24T03:06:59.949Z] Incoming request: GET /api/users/notifications
[2025-10-24T03:07:02.695Z] Incoming request: GET /api/users/myevents
[2025-10-24T03:07:03.020Z] Incoming request: GET /api/users/myevents
[2025-10-24T03:07:04.800Z] Incoming request: GET /api/users/me
[2025-10-24T03:07:05.131Z] Incoming request: GET /api/users/me
[2025-10-24T03:07:07.102Z] Incoming request: GET /api/users/myevents
[2025-10-24T03:07:07.419Z] Incoming request: GET /api/users/myevents
[2025-10-24T03:07:26.870Z] Incoming request: GET /api/users/me
[2025-10-24T03:07:27.132Z] Incoming request: GET /api/users/me
[2025-10-24T03:11:23.452Z] Incoming request: GET /api/users/notifications
[2025-10-24T03:11:23.714Z] Incoming request: GET /api/users/notifications
[2025-10-24T04:18:30.740Z] Incoming request: GET /api/users/myevents
[2025-10-24T04:18:30.763Z] Incoming request: GET /api/users/myevents
[2025-10-24T04:18:32.670Z] Incoming request: GET /api/users/me
[2025-10-24T04:18:32.998Z] Incoming request: GET /api/users/me
[2025-10-24T04:18:34.763Z] Incoming request: GET /api/users/myevents
[2025-10-24T04:18:35.095Z] Incoming request: GET /api/users/myevents
[2025-10-24T04:18:37.817Z] Incoming request: GET /api/users/myevents
[2025-10-24T04:18:38.137Z] Incoming request: GET /api/users/myevents
[2025-10-24T04:18:40.393Z] Incoming request: GET /api/users/me
[2025-10-24T04:18:40.712Z] Incoming request: GET /api/users/me
[2025-10-24T04:20:13.153Z] Incoming request: POST /api/users/login
[2025-10-24T04:20:17.649Z] Incoming request: GET /api/users/myevents
[2025-10-24T04:20:17.700Z] Incoming request: GET /api/users/myevents
[2025-10-24T04:20:19.042Z] Incoming request: GET /api/users/me
[2025-10-24T04:20:19.087Z] Incoming request: GET /api/users/me
[2025-10-24T04:20:20.623Z] Incoming request: GET /api/users/notifications
[2025-10-24T04:20:20.672Z] Incoming request: GET /api/users/notifications
[2025-10-24T04:20:22.665Z] Incoming request: GET /api/users/myevents
[2025-10-24T04:20:22.707Z] Incoming request: GET /api/users/myevents
[2025-10-24T04:20:37.261Z] Incoming request: GET /api/users/me
[2025-10-24T04:20:37.303Z] Incoming request: GET /api/users/me
[2025-10-24T04:49:50.962Z] Incoming request: GET /api/users/me
[2025-10-24T04:49:51.319Z] Incoming request: GET /api/users/me
[2025-10-24T04:51:40.164Z] Incoming request: GET /api/users/me
[2025-10-24T04:51:40.396Z] Incoming request: GET /api/users/me
[2025-10-24T05:02:29.177Z] Incoming request: POST /api/users/login
[2025-10-24T05:02:34.185Z] Incoming request: GET /api/users/myevents
[2025-10-24T05:02:34.231Z] Incoming request: GET /api/users/myevents
[2025-10-24T05:02:36.303Z] Incoming request: GET /api/users/myevents
[2025-10-24T05:02:36.344Z] Incoming request: GET /api/users/myevents
[2025-10-24T05:02:41.392Z] Incoming request: DELETE /api/users/myevents/9
[2025-10-24T05:02:41.510Z] Incoming request: DELETE /api/users/myevents/8
[2025-10-24T05:02:41.599Z] Incoming request: DELETE /api/users/myevents/7
[2025-10-24T05:02:41.682Z] Incoming request: DELETE /api/users/myevents/6
[2025-10-24T05:02:41.757Z] Incoming request: DELETE /api/users/myevents/5
[2025-10-24T05:02:41.828Z] Incoming request: DELETE /api/users/myevents/4
[2025-10-24T05:02:41.904Z] Incoming request: DELETE /api/users/myevents/3
[2025-10-24T05:02:41.976Z] Incoming request: DELETE /api/users/myevents/2
[2025-10-24T05:02:42.053Z] Incoming request: DELETE /api/users/myevents/1
[2025-10-24T05:02:42.131Z] Incoming request: DELETE /api/users/myevents/0
[2025-10-24T05:02:42.217Z] Incoming request: POST /api/users/notifications/read
[2025-10-24T05:02:43.564Z] Incoming request: GET /api/users/notifications
[2025-10-24T05:02:43.609Z] Incoming request: GET /api/users/notifications
[2025-10-24T05:02:47.873Z] Incoming request: GET /api/users/myevents
[2025-10-24T05:02:47.910Z] Incoming request: GET /api/users/myevents
[2025-10-24T05:03:05.443Z] Incoming request: POST /api/users/login
[2025-10-24T05:03:05.725Z] Incoming request: GET /api/users/myevents
[2025-10-24T05:03:05.764Z] Incoming request: GET /api/users/myevents
[2025-10-24T05:03:08.869Z] Incoming request: GET /api/users/notifications
[2025-10-24T05:03:08.910Z] Incoming request: GET /api/users/notifications
[2025-10-24T05:04:04.319Z] Incoming request: GET /api/users/myevents
[2025-10-24T05:04:04.356Z] Incoming request: GET /api/users/myevents
[2025-10-24T05:04:05.981Z] Incoming request: GET /api/users/notifications
[2025-10-24T05:04:06.019Z] Incoming request: GET /api/users/notifications
[2025-10-24T05:04:06.740Z] Incoming request: GET /api/users/me
[2025-10-24T05:04:06.782Z] Incoming request: GET /api/users/me
[2025-10-24T05:04:29.228Z] Incoming request: GET /api/users/myevents
[2025-10-24T05:04:29.263Z] Incoming request: GET /api/users/myevents
[2025-10-24T05:04:32.334Z] Incoming request: GET /api/users/notifications
[2025-10-24T05:04:32.393Z] Incoming request: GET /api/users/notifications
[2025-10-24T05:04:40.422Z] Incoming request: GET /api/users/me
[2025-10-24T05:04:40.459Z] Incoming request: GET /api/users/me
[2025-10-24T05:04:41.759Z] Incoming request: GET /api/users/notifications
[2025-10-24T05:04:41.796Z] Incoming request: GET /api/users/notifications
[2025-10-24T12:39:59.211Z] Incoming request: POST /api/users/login
[2025-10-24T12:40:36.638Z] Incoming request: GET /api/users/myevents
[2025-10-24T12:40:36.903Z] Incoming request: GET /api/users/myevents
[2025-10-25T07:56:06.079Z] Incoming request: GET /api/users/myevents
[2025-10-25T07:56:06.148Z] Incoming request: GET /api/users/myevents
[2025-10-25T07:56:09.202Z] Incoming request: GET /api/users/me
[2025-10-25T07:56:09.469Z] Incoming request: GET /api/users/me
[2025-10-25T07:56:11.029Z] Incoming request: GET /api/users/myevents
[2025-10-25T07:56:11.376Z] Incoming request: GET /api/users/myevents
[2025-10-25T07:56:13.185Z] Incoming request: GET /api/users/notifications
[2025-10-25T07:56:13.530Z] Incoming request: GET /api/users/notifications
[2025-10-25T10:03:10.364Z] Incoming request: GET /api/users/me
[2025-10-25T10:03:10.619Z] Incoming request: GET /api/users/me
[2025-10-25T10:03:13.946Z] Incoming request: GET /api/users/myevents
[2025-10-25T10:03:14.385Z] Incoming request: GET /api/users/myevents
[2025-10-25T10:08:27.149Z] Incoming request: POST /api/users/login
[2025-10-25T10:08:37.606Z] Incoming request: POST /api/users/login
[2025-10-25T10:08:48.017Z] Incoming request: GET /api/users/myevents
[2025-10-25T10:08:48.077Z] Incoming request: GET /api/users/myevents
[2025-10-25T10:08:53.323Z] Incoming request: GET /api/users/notifications
[2025-10-25T10:08:53.431Z] Incoming request: GET /api/users/notifications
[2025-10-25T10:08:54.456Z] Incoming request: GET /api/users/me
[2025-10-25T10:08:54.524Z] Incoming request: GET /api/users/me
[2025-10-25T10:09:49.941Z] Incoming request: GET /api/users/myevents
[2025-10-25T10:09:50.066Z] Incoming request: GET /api/users/myevents
[2025-10-25T10:09:52.082Z] Incoming request: GET /api/users/notifications
[2025-10-25T10:09:52.232Z] Incoming request: GET /api/users/notifications
[2025-10-25T10:09:53.239Z] Incoming request: GET /api/users/me
[2025-10-25T10:09:53.359Z] Incoming request: GET /api/users/me
[2025-10-25T10:18:43.956Z] Incoming request: GET /api/users/myevents
[2025-10-25T10:18:44.031Z] Incoming request: GET /api/users/myevents
[2025-10-25T10:18:47.171Z] Incoming request: GET /api/users/myevents
[2025-10-25T10:18:47.302Z] Incoming request: GET /api/users/myevents
[2025-10-25T10:18:54.862Z] Incoming request: GET /api/users/myevents
[2025-10-25T10:18:54.937Z] Incoming request: GET /api/users/myevents
[2025-10-25T10:19:16.217Z] Incoming request: GET /api/users/notifications
[2025-10-25T10:19:16.298Z] Incoming request: GET /api/users/notifications
[2025-10-25T10:19:27.950Z] Incoming request: GET /api/users/me
[2025-10-25T10:19:28.056Z] Incoming request: GET /api/users/me
[2025-10-25T10:21:44.142Z] Incoming request: GET /api/users/notifications
[2025-10-25T10:21:44.209Z] Incoming request: GET /api/users/notifications
[2025-10-25T10:21:52.756Z] Incoming request: GET /api/users/myevents
[2025-10-25T10:21:52.818Z] Incoming request: GET /api/users/myevents
[2025-10-25T10:22:02.077Z] Incoming request: GET /api/users/myevents
[2025-10-25T10:22:02.218Z] Incoming request: GET /api/users/myevents
[2025-10-25T10:22:04.672Z] Incoming request: GET /api/users/notifications
[2025-10-25T10:22:04.778Z] Incoming request: GET /api/users/notifications
[2025-10-25T10:22:06.756Z] Incoming request: GET /api/users/me
[2025-10-25T10:22:06.826Z] Incoming request: GET /api/users/me
[2025-10-25T10:22:15.860Z] Incoming request: GET /api/users/notifications
[2025-10-25T10:22:15.990Z] Incoming request: GET /api/users/notifications
[2025-10-25T10:22:17.541Z] Incoming request: GET /api/users/myevents
[2025-10-25T10:22:17.623Z] Incoming request: GET /api/users/myevents
[2025-10-25T15:18:42.442Z] Incoming request: GET /api/users/myevents
[2025-10-25T15:18:42.835Z] Incoming request: GET /api/users/myevents
[2025-10-25T15:18:52.367Z] Incoming request: GET /api/users/notifications
[2025-10-25T15:18:52.638Z] Incoming request: GET /api/users/notifications
[2025-10-25T15:18:55.443Z] Incoming request: GET /api/users/myevents
[2025-10-25T15:18:55.793Z] Incoming request: GET /api/users/myevents
[2025-10-25T15:18:57.623Z] Incoming request: GET /api/users/me
[2025-10-25T15:18:57.978Z] Incoming request: GET /api/users/me
[2025-10-25T15:20:12.566Z] Incoming request: GET /api/users/myevents
[2025-10-25T15:20:12.594Z] Incoming request: GET /api/users/myevents
[2025-10-25T15:20:14.885Z] Incoming request: GET /api/users/me
[2025-10-25T15:20:15.249Z] Incoming request: GET /api/users/me
[2025-10-25T15:20:19.931Z] Incoming request: GET /api/users/notifications
[2025-10-25T15:20:20.269Z] Incoming request: GET /api/users/notifications
[2025-10-25T15:20:20.841Z] Incoming request: GET /api/users/myevents
[2025-10-25T15:20:21.185Z] Incoming request: GET /api/users/myevents
[2025-10-25T15:20:34.601Z] Incoming request: GET /api/users/myevents
[2025-10-25T15:20:34.645Z] Incoming request: GET /api/users/myevents
[2025-10-25T15:20:35.970Z] Incoming request: GET /api/users/notifications
[2025-10-25T15:20:36.232Z] Incoming request: GET /api/users/notifications
[2025-10-25T15:20:37.147Z] Incoming request: GET /api/users/notifications
[2025-10-25T15:20:37.505Z] Incoming request: GET /api/users/notifications
[2025-10-25T15:20:41.433Z] Incoming request: GET /api/users/notifications
[2025-10-25T15:20:41.642Z] Incoming request: GET /api/users/notifications
[2025-10-25T15:20:42.732Z] Incoming request: GET /api/users/me
[2025-10-25T15:20:42.763Z] Incoming request: GET /api/users/me
[2025-10-25T15:27:46.854Z] Incoming request: GET /api/users/myevents
[2025-10-25T15:27:47.204Z] Incoming request: GET /api/users/myevents
[2025-10-25T15:28:00.266Z] Incoming request: GET /api/users/myevents
[2025-10-25T15:28:00.608Z] Incoming request: GET /api/users/myevents
[2025-10-25T15:28:09.930Z] Incoming request: GET /api/users/myevents
[2025-10-25T15:28:10.279Z] Incoming request: GET /api/users/myevents
[2025-10-25T15:28:13.540Z] Incoming request: GET /api/users/notifications
[2025-10-25T15:28:13.906Z] Incoming request: GET /api/users/notifications
[2025-10-25T15:31:26.495Z] Incoming request: GET /api/users/notifications
[2025-10-25T15:31:26.544Z] Incoming request: GET /api/users/notifications
[2025-10-25T15:31:40.928Z] Incoming request: GET /api/users/me
[2025-10-25T15:31:41.302Z] Incoming request: GET /api/users/me
[2025-10-25T15:33:49.421Z] Incoming request: GET /api/users/notifications
[2025-10-25T15:33:49.794Z] Incoming request: GET /api/users/notifications
[2025-10-25T15:33:50.190Z] Incoming request: GET /api/users/me
[2025-10-25T15:33:50.530Z] Incoming request: GET /api/users/me
[2025-10-25T15:33:53.833Z] Incoming request: GET /api/users/myevents
[2025-10-25T15:33:54.181Z] Incoming request: GET /api/users/myevents
[2025-10-25T15:34:01.074Z] Incoming request: GET /api/users/notifications
[2025-10-25T15:34:01.465Z] Incoming request: GET /api/users/notifications
[2025-10-25T15:34:02.644Z] Incoming request: GET /api/users/me
[2025-10-25T15:34:03.022Z] Incoming request: GET /api/users/me
[2025-10-25T15:35:19.528Z] Incoming request: GET /api/users/myevents
[2025-10-25T15:35:19.799Z] Incoming request: GET /api/users/myevents
[2025-10-25T15:35:27.474Z] Incoming request: GET /api/users/notifications
[2025-10-25T15:35:27.820Z] Incoming request: GET /api/users/notifications
[2025-10-25T15:35:59.193Z] Incoming request: GET /api/users/myevents
[2025-10-25T15:35:59.584Z] Incoming request: GET /api/users/myevents
[2025-10-25T15:36:03.583Z] Incoming request: GET /api/users/myevents
[2025-10-25T15:36:03.936Z] Incoming request: GET /api/users/myevents
[2025-10-25T15:36:09.990Z] Incoming request: GET /api/users/notifications
[2025-10-25T15:36:10.386Z] Incoming request: GET /api/users/notifications
[2025-10-25T15:36:11.834Z] Incoming request: GET /api/users/me
[2025-10-25T15:36:12.192Z] Incoming request: GET /api/users/me
[2025-10-25T15:37:02.598Z] Incoming request: GET /api/users/notifications
[2025-10-25T15:37:02.847Z] Incoming request: GET /api/users/notifications
[2025-10-25T15:37:57.444Z] Incoming request: GET /api/users/notifications
[2025-10-25T15:37:57.490Z] Incoming request: GET /api/users/notifications
[2025-10-25T15:38:38.201Z] Incoming request: GET /api/users/notifications
[2025-10-25T15:38:38.557Z] Incoming request: GET /api/users/notifications
[2025-10-25T15:38:41.918Z] Incoming request: GET /api/users/myevents
[2025-10-25T15:38:45.875Z] Incoming request: GET /api/users/myevents
[2025-10-25T15:39:27.864Z] Incoming request: POST /api/users/myevents
[2025-10-25T15:39:28.070Z] Incoming request: POST /api/users/notifications
[2025-10-25T15:40:42.638Z] Incoming request: GET /api/users/myevents
[2025-10-25T15:40:42.890Z] Incoming request: GET /api/users/myevents
[2025-10-25T15:40:45.615Z] Incoming request: GET /api/users/notifications
[2025-10-25T15:40:45.963Z] Incoming request: GET /api/users/notifications
[2025-10-25T15:40:47.053Z] Incoming request: GET /api/users/me
[2025-10-25T15:40:47.321Z] Incoming request: GET /api/users/me
[2025-10-25T15:40:58.062Z] Incoming request: GET /api/users/myevents
[2025-10-25T15:40:58.410Z] Incoming request: GET /api/users/myevents
[2025-10-25T15:43:59.613Z] Incoming request: GET /api/users/myevents
[2025-10-25T15:43:59.646Z] Incoming request: GET /api/users/myevents
[2025-10-25T15:44:02.292Z] Incoming request: GET /api/users/notifications
[2025-10-25T15:44:02.557Z] Incoming request: GET /api/users/notifications
[2025-10-25T15:44:03.073Z] Incoming request: GET /api/users/me
[2025-10-25T15:44:03.426Z] Incoming request: GET /api/users/me
[2025-10-25T15:44:05.589Z] Incoming request: GET /api/users/notifications
[2025-10-25T15:44:05.956Z] Incoming request: GET /api/users/notifications
[2025-10-25T15:47:45.238Z] Incoming request: GET /main.9a314e9ca8b4140e7468.hot-update.json
[2025-10-25T15:53:29.097Z] Incoming request: GET /api/users/myevents
[2025-10-25T15:53:29.462Z] Incoming request: GET /api/users/myevents
[2025-10-25T15:53:32.046Z] Incoming request: GET /api/users/notifications
[2025-10-25T15:53:32.397Z] Incoming request: GET /api/users/notifications
[2025-10-25T15:53:53.549Z] Incoming request: GET /api/users/me
[2025-10-25T15:53:53.911Z] Incoming request: GET /api/users/me
[2025-10-25T15:53:56.529Z] Incoming request: GET /api/users/notifications
[2025-10-25T15:53:56.881Z] Incoming request: GET /api/users/notifications
[2025-10-25T15:54:23.311Z] Incoming request: GET /api/users/myevents
[2025-10-25T15:54:23.665Z] Incoming request: GET /api/users/myevents
[2025-10-25T15:54:25.752Z] Incoming request: GET /api/users/notifications
[2025-10-25T15:54:26.102Z] Incoming request: GET /api/users/notifications
[2025-10-25T15:54:26.890Z] Incoming request: GET /api/users/me
[2025-10-25T15:54:27.244Z] Incoming request: GET /api/users/me
[2025-10-25T15:54:34.124Z] Incoming request: GET /api/users/notifications
[2025-10-25T15:54:34.479Z] Incoming request: GET /api/users/notifications
[2025-10-25T15:54:37.670Z] Incoming request: GET /api/users/myevents
[2025-10-25T15:54:38.014Z] Incoming request: GET /api/users/myevents
[2025-10-25T15:55:36.535Z] Incoming request: GET /api/users/myevents
[2025-10-25T15:55:36.888Z] Incoming request: GET /api/users/myevents
[2025-10-25T15:55:39.998Z] Incoming request: GET /api/users/notifications
[2025-10-25T15:55:40.338Z] Incoming request: GET /api/users/notifications
[2025-10-25T15:55:43.909Z] Incoming request: GET /api/users/notifications
[2025-10-25T15:55:44.252Z] Incoming request: GET /api/users/notifications
[2025-10-25T15:55:59.461Z] Incoming request: GET /api/users/myevents
[2025-10-25T15:55:59.818Z] Incoming request: GET /api/users/myevents
[2025-10-25T15:56:01.018Z] Incoming request: GET /api/users/notifications
[2025-10-25T15:56:01.377Z] Incoming request: GET /api/users/notifications
[2025-10-25T15:56:05.163Z] Incoming request: GET /api/users/me
[2025-10-25T15:56:05.521Z] Incoming request: GET /api/users/me
[2025-10-25T15:56:06.185Z] Incoming request: GET /api/users/notifications
[2025-10-25T15:56:06.529Z] Incoming request: GET /api/users/notifications
[2025-10-25T15:56:07.154Z] Incoming request: GET /api/users/me
[2025-10-25T15:56:07.506Z] Incoming request: GET /api/users/me
[2025-10-25T15:56:08.712Z] Incoming request: GET /api/users/notifications
[2025-10-25T15:56:09.061Z] Incoming request: GET /api/users/notifications
[2025-10-25T15:56:10.465Z] Incoming request: GET /api/users/myevents
[2025-10-25T15:56:10.807Z] Incoming request: GET /api/users/myevents
[2025-10-25T15:56:12.279Z] Incoming request: GET /api/users/myevents
[2025-10-25T15:56:12.625Z] Incoming request: GET /api/users/myevents
[2025-10-25T15:56:13.711Z] Incoming request: GET /api/users/notifications
[2025-10-25T15:56:14.058Z] Incoming request: GET /api/users/notifications
[2025-10-25T15:56:14.312Z] Incoming request: GET /api/users/me
[2025-10-25T15:56:14.595Z] Incoming request: GET /api/users/me
[2025-10-25T15:56:15.287Z] Incoming request: GET /api/users/notifications
[2025-10-25T15:56:15.631Z] Incoming request: GET /api/users/notifications
[2025-10-25T15:56:17.334Z] Incoming request: GET /api/users/myevents
[2025-10-25T15:56:17.677Z] Incoming request: GET /api/users/myevents
[2025-10-29T03:49:37.148Z] Incoming request: POST /api/users/login
[2025-10-29T06:27:54.187Z] Incoming request: POST /api/users/login
[2025-10-29T06:27:56.505Z] Incoming request: GET /api/users/me
[2025-10-29T06:27:56.912Z] Incoming request: GET /api/users/me
[2025-10-29T06:27:58.468Z] Incoming request: GET /api/users/notifications
[2025-10-29T06:27:58.824Z] Incoming request: GET /api/users/notifications
[2025-10-29T06:28:08.834Z] Incoming request: GET /api/users/myevents
[2025-10-29T06:28:09.186Z] Incoming request: GET /api/users/myevents
[2025-10-29T06:28:26.262Z] Incoming request: GET /api/users/notifications
[2025-10-29T06:28:26.623Z] Incoming request: GET /api/users/notifications
[2025-10-29T06:28:26.909Z] Incoming request: GET /api/users/me
[2025-10-29T06:28:27.252Z] Incoming request: GET /api/users/me
[2025-10-29T06:28:27.800Z] Incoming request: GET /api/users/myevents
[2025-10-29T06:28:28.152Z] Incoming request: GET /api/users/myevents
[2025-10-29T06:28:32.376Z] Incoming request: GET /api/users/me
[2025-10-29T06:28:32.733Z] Incoming request: GET /api/users/me
